<?xml version="1.0" encoding="UTF-8"?>
<testsuite name="SOAPClientTest" tests="1" skipped="0" failures="0" errors="0" timestamp="2016-02-01T20:15:34" hostname="TMCVICK-LT" time="0.765">
  <properties/>
  <testcase name="test" classname="SOAPClientTest" time="0.765"/>
  <system-out><![CDATA[24
Recently Played
25
Music
]]></system-out>
  <system-err><![CDATA[Sending request for container ID: 0
]]></system-err>
</testsuite>
